Output: double to the console and to the file out+err
Program arguments: 
startTests arguments: Pass
############### —тартовал Test ru.cs.tdm.cases.Pass! ################
‘айл конфигурации src/main/resources/conf.properties присутствует
получение первого имени пользовател€ из меню пользовател€ ChangePass
получение первого имени пользовател€ из меню пользовател€ ChangePass

Test run finished after 35332 ms
[         2 containers found      ]
[         0 containers skipped    ]
[         2 containers started    ]
[         0 containers aborted    ]
[         2 containers successful ]
[         0 containers failed     ]
[         4 tests found           ]
[         0 tests skipped         ]
[         4 tests started         ]
[         0 tests aborted         ]
[         4 tests successful      ]
[         0 tests failed          ]

