Output: double to the console and to the file out+err
Program arguments: 
Файл конфигурации src/main/resources/conf.properties присутствует
startTests 2023-01-24T13:20:02 arguments: Pass, Head, User, Filter
Повторов 3 Задержка 1000 Печать 5
Открытие страницы http://tdms-srv2a.csoft-msc.ru:777/client/?classic#objects
login= SYSADMIN   password= 753951
======= run 0 Test ru.cs.tdm.cases.ChangePass! ======= 2023-01-24T13:21:32 ============
======= end 0 Test ru.cs.tdm.cases.ChangePass! ====== Errors 0 =============
======= run 0 Test ru.cs.tdm.cases.HeadRef! ======= 2023-01-24T13:23:20 ============
======= end 0 Test ru.cs.tdm.cases.HeadRef! ====== Errors 0 =============
======= run 0 Test ru.cs.tdm.cases.AdminUser! ======= 2023-01-24T13:25:24 ============
======= end 0 Test ru.cs.tdm.cases.AdminUser! ====== Errors 0 =============
======= run 0 Test ru.cs.tdm.cases.Filter! ======= 2023-01-24T13:26:23 ============

Test run finished after 126369 ms
[         9 containers found      ]
[         1 containers skipped    ]
[         8 containers started    ]
[         0 containers aborted    ]
[         8 containers successful ]
[         0 containers failed     ]
[         6 tests found           ]
[         0 tests skipped         ]
[         6 tests started         ]
[         0 tests aborted         ]
[         5 tests successful      ]
[         1 tests failed          ]


Failures (1):
  JUnit Jupiter:Filter Test:Заполнение ссылочных полей фильтра:repetition 1 of 1
    MethodSource [className = 'ru.cs.tdm.cases.Filter', methodName = 'n04_EditFilterTest', methodParameterTypes = 'org.junit.jupiter.api.RepetitionInfo']
    => java.lang.AssertionError: @@@@ поле фильтра Тип документации не содержит значение Документация на коммуникации после выбора @@. Expected the char sequence to contain the substring.
CharSequence <>, substring <Документация на коммуникации>, ignoreCase <false>.
       kotlin.test.DefaultAsserter.fail(DefaultAsserter.kt:16)
       kotlin.test.Asserter$DefaultImpls.assertTrue(Assertions.kt:652)
       kotlin.test.DefaultAsserter.assertTrue(DefaultAsserter.kt:11)
       kotlin.test.AssertionsKt__AssertionsKt.assertContains(Assertions.kt:341)
       kotlin.test.AssertionsKt.assertContains(Unknown Source)
       ru.cs.tdm.cases.Filter.n04_EditFilterTest(Filter.kt:378)
       java.base/jdk.internal.reflect.NativeMethodAccessorImpl.invoke0(Native Method)
       java.base/jdk.internal.reflect.NativeMethodAccessorImpl.invoke(NativeMethodAccessorImpl.java:62)
       java.base/jdk.internal.reflect.DelegatingMethodAccessorImpl.invoke(DelegatingMethodAccessorImpl.java:43)
       java.base/java.lang.reflect.Method.invoke(Method.java:566)
       [...]
======= end 0 Test ru.cs.tdm.cases.Filter! ====== Errors 1 =============
@@@@@ 0 repeateSumErrors = 1  @@@
======= run 1 Test ru.cs.tdm.cases.ChangePass! ======= 2023-01-24T13:28:38 ============
======= end 1 Test ru.cs.tdm.cases.ChangePass! ====== Errors 0 =============
======= run 1 Test ru.cs.tdm.cases.HeadRef! ======= 2023-01-24T13:29:39 ============
&&&&&&&&& xpathWaitTextTry за 3 опросов через 1 сек не взят-TDMS xpath=//div[starts-with(@id, 'messagebox-') and contains(@id, '_header-title-textEl') and not(contains(@id, 'ghost'))] &&&&&&&&&
&&&&&&&&&  xpathClickMenu catch NOT ClickMenu за 3 опросов по 1 сек xpathClickMenu=Поток - Проверка связи с авторизацией &&&&&&&&&
&&&&&&&&& xpathWaitTextTry за 3 опросов через 1 сек не взят-TDMS xpath=//div[starts-with(@id, 'messagebox-') and contains(@id, '_header-title-textEl') and not(contains(@id, 'ghost'))] &&&&&&&&&
&&&&&&&&&  xpathClickMenu catch NOT ClickMenu за 3 опросов по 1 сек xpathClickMenu=Поток - Проверка связи с авторизацией &&&&&&&&&
======= end 1 Test ru.cs.tdm.cases.HeadRef! ====== Errors 0 =============
======= run 1 Test ru.cs.tdm.cases.AdminUser! ======= 2023-01-24T13:31:26 ============
&&&&&&&&& qtipClickLast за 3 опросов по 1 сек qtipClickLast=Объекты &&&&&&&&&
&&&&&&&&& qtipClickLast за 3 опросов по 1 сек qtipClickLast=Администрирование групп &&&&&&&&&
======= end 1 Test ru.cs.tdm.cases.AdminUser! ====== Errors 0 =============
======= run 1 Test ru.cs.tdm.cases.Filter! ======= 2023-01-24T13:33:37 ============

Test run finished after 113428 ms
[         9 containers found      ]
[         1 containers skipped    ]
[         8 containers started    ]
[         0 containers aborted    ]
[         8 containers successful ]
[         0 containers failed     ]
[         6 tests found           ]
[         0 tests skipped         ]
[         6 tests started         ]
[         0 tests aborted         ]
[         5 tests successful      ]
[         1 tests failed          ]


Failures (1):
  JUnit Jupiter:Filter Test:Заполнение ссылочных полей фильтра:repetition 1 of 1
    MethodSource [className = 'ru.cs.tdm.cases.Filter', methodName = 'n04_EditFilterTest', methodParameterTypes = 'org.junit.jupiter.api.RepetitionInfo']
    => org.opentest4j.AssertionFailedError: @@@@ крестик BUTTON_ERASE_PROJECT(Проект) : После удаления поля фильтра поле не пусто, а должно быть пусто @@ ==> expected: <true> but was: <false>
       org.junit.jupiter.api.AssertionFailureBuilder.build(AssertionFailureBuilder.java:151)
       org.junit.jupiter.api.AssertionFailureBuilder.buildAndThrow(AssertionFailureBuilder.java:132)
       org.junit.jupiter.api.AssertTrue.failNotTrue(AssertTrue.java:63)
       org.junit.jupiter.api.AssertTrue.assertTrue(AssertTrue.java:36)
       org.junit.jupiter.api.Assertions.assertTrue(Assertions.java:211)
       ru.cs.tdm.cases.Filter.n04_EditFilterTest(Filter.kt:362)
       java.base/jdk.internal.reflect.NativeMethodAccessorImpl.invoke0(Native Method)
       java.base/jdk.internal.reflect.NativeMethodAccessorImpl.invoke(NativeMethodAccessorImpl.java:62)
       java.base/jdk.internal.reflect.DelegatingMethodAccessorImpl.invoke(DelegatingMethodAccessorImpl.java:43)
       java.base/java.lang.reflect.Method.invoke(Method.java:566)
       [...]
======= end 1 Test ru.cs.tdm.cases.Filter! ====== Errors 1 =============
@@@@@ 1 repeateSumErrors = 1  @@@
======= run 2 Test ru.cs.tdm.cases.ChangePass! ======= 2023-01-24T13:35:57 ============
======= end 2 Test ru.cs.tdm.cases.ChangePass! ====== Errors 0 =============
======= run 2 Test ru.cs.tdm.cases.HeadRef! ======= 2023-01-24T13:37:24 ============
======= end 2 Test ru.cs.tdm.cases.HeadRef! ====== Errors 0 =============
======= run 2 Test ru.cs.tdm.cases.AdminUser! ======= 2023-01-24T13:40:01 ============
======= end 2 Test ru.cs.tdm.cases.AdminUser! ====== Errors 0 =============
======= run 2 Test ru.cs.tdm.cases.Filter! ======= 2023-01-24T13:41:56 ============
======= end 2 Test ru.cs.tdm.cases.Filter! ====== Errors 0 =============
@@@@@ allSumErrors = 2  @@@
@@@@@ summuryOfErrors = 2  @@@
@@@@@ allSummuryOfErrors = 2  @@@
